+ RED='\033[0;31m'
+ GREEN='\033[0;32m'
+ YELLOW='\033[1;33m'
+ NC='\033[0m'
+ HOME_DIR=/home/trapapa
+ PROJECT_NAME=uppercase-converter
+ PROJECT_PATH=/home/trapapa/uppercase-converter
+ main
++ date
+ echo 'Starting project setup at Wed Jun 11 09:32:12 AM CEST 2025'
Starting project setup at Wed Jun 11 09:32:12 AM CEST 2025
+ check_requirements
+ echo 'Checking system requirements...'
Checking system requirements...
+ sudo apt-get update
Get:1 http://security.debian.org/debian-security bookworm-security InRelease [48.0 kB]
Hit:2 http://deb.debian.org/debian bookworm InRelease
Hit:3 http://deb.debian.org/debian bookworm-updates InRelease
Hit:4 https://download.docker.com/linux/debian bookworm InRelease
Hit:5 https://packages.microsoft.com/repos/code stable InRelease
Ign:6 https://repo.vivaldi.com/stable/deb stable InRelease
Hit:7 https://repo.vivaldi.com/stable/deb stable Release
Hit:8 https://dl.google.com/linux/chrome/deb stable InRelease
Hit:9 http://repo.mysql.com/apt/debian bookworm InRelease
Fetched 48.0 kB in 1s (63.4 kB/s)
Reading package lists...
+ sudo apt-get install -y llvm lldb
Reading package lists...
Building dependency tree...
Reading state information...
llvm is already the newest version (1:14.0-55.7~deb12u1).
lldb is already the newest version (1:14.0-55.7~deb12u1).
The following package was automatically installed and is no longer required:
  linux-image-6.1.0-33-amd64
Use 'sudo apt autoremove' to remove it.
0 upgraded, 0 newly installed, 0 to remove and 31 not upgraded.
+ rustup update stable
info: syncing channel updates for 'stable-x86_64-unknown-linux-gnu'

  stable-x86_64-unknown-linux-gnu unchanged - rustc 1.87.0 (17067e9ac 2025-05-09)

info: checking for self-update
+ rustup component add llvm-tools-preview
info: component 'llvm-tools' for target 'x86_64-unknown-linux-gnu' is up to date
+ cargo install cargo-llvm-cov --force
    Updating crates.io index
  Installing cargo-llvm-cov v0.6.16
    Updating crates.io index
     Locking 69 packages to latest compatible versions
      Adding duct v0.13.7 (available: v1.0.0)
      Adding opener v0.7.2 (available: v0.8.2)
   Compiling memchr v2.7.4
   Compiling serde v1.0.219
   Compiling libc v0.2.172
   Compiling proc-macro2 v1.0.95
   Compiling regex-syntax v0.8.5
   Compiling aho-corasick v1.1.3
   Compiling unicode-ident v1.0.18
   Compiling rustix v1.0.7
   Compiling quote v1.0.40
   Compiling regex-automata v0.4.9
   Compiling hashbrown v0.15.4
   Compiling autocfg v1.4.0
   Compiling bitflags v2.9.1
   Compiling equivalent v1.0.2
   Compiling linux-raw-sys v0.9.4
   Compiling anyhow v1.0.98
   Compiling indexmap v2.9.0
   Compiling fs-err v3.1.1
   Compiling toml_datetime v0.6.11
   Compiling serde_spanned v0.6.9
   Compiling syn v2.0.102
   Compiling camino v1.1.10
   Compiling cfg-if v1.0.1
   Compiling serde_json v1.0.140
   Compiling winnow v0.7.11
   Compiling xattr v1.5.0
   Compiling filetime v0.2.25
   Compiling bstr v1.12.0
   Compiling serde_derive v1.0.219
   Compiling toml_edit v0.22.27
   Compiling regex v1.11.1
   Compiling os_pipe v1.2.2
   Compiling shared_child v1.0.2
   Compiling quick-xml v0.37.5
   Compiling rustc-demangle v0.1.25
   Compiling ryu v1.0.20
   Compiling same-file v1.0.6
   Compiling itoa v1.0.15
   Compiling once_cell v1.21.3
   Compiling walkdir v2.5.0
   Compiling duct v0.13.7
   Compiling cargo-config2 v0.1.33
   Compiling lcov2cobertura v1.0.6
   Compiling opener v0.7.2
   Compiling tar v0.4.44
   Compiling lexopt v0.3.1
   Compiling shell-escape v0.1.5
   Compiling is_executable v1.0.4
   Compiling termcolor v1.4.1
   Compiling ruzstd v0.8.1
   Compiling glob v0.3.2
   Compiling cargo-llvm-cov v0.6.16
    Finished `release` profile [optimized] target(s) in 1m 07s
   Replacing /home/trapapa/.cargo/bin/cargo-llvm-cov
    Replaced package `cargo-llvm-cov v0.6.16` with `cargo-llvm-cov v0.6.16` (executable `cargo-llvm-cov`)
+ cargo install cargo-binutils --force
    Updating crates.io index
  Installing cargo-binutils v0.3.6
    Updating crates.io index
     Locking 57 packages to latest compatible versions
      Adding cargo_metadata v0.14.2 (available: v0.20.0)
      Adding clap v2.34.0 (available: v4.5.40)
      Adding rustc-cfg v0.4.0 (available: v0.5.0)
      Adding toml v0.5.11 (available: v0.8.23)
   Compiling proc-macro2 v1.0.95
   Compiling unicode-ident v1.0.18
   Compiling serde v1.0.219
   Compiling memchr v2.7.4
   Compiling libc v0.2.172
   Compiling syn v1.0.109
   Compiling object v0.36.7
   Compiling adler2 v2.0.1
   Compiling quote v1.0.40
   Compiling syn v2.0.102
   Compiling gimli v0.31.1
   Compiling unicode-xid v0.2.6
   Compiling semver v1.0.26
   Compiling failure_derive v0.1.8
   Compiling miniz_oxide v0.8.9
   Compiling synstructure v0.12.6
   Compiling addr2line v0.24.2
   Compiling serde_derive v1.0.219
   Compiling rustc-demangle v0.1.25
   Compiling serde_json v1.0.140
   Compiling cfg-if v1.0.1
   Compiling camino v1.1.10
   Compiling aho-corasick v1.1.3
   Compiling unicode-width v0.1.14
   Compiling anyhow v1.0.98
   Compiling regex-syntax v0.8.5
   Compiling backtrace v0.3.75
   Compiling ryu v1.0.20
   Compiling itoa v1.0.15
   Compiling cargo-platform v0.1.9
   Compiling failure v0.1.8
   Compiling regex-automata v0.4.9
   Compiling textwrap v0.11.0
   Compiling atty v0.2.14
   Compiling vec_map v0.8.2
   Compiling strsim v0.8.0
   Compiling ansi_term v0.12.1
   Compiling bitflags v1.3.2
   Compiling clap v2.34.0
   Compiling rustc-cfg v0.4.0
   Compiling cargo_metadata v0.14.2
   Compiling rustc_version v0.4.1
   Compiling regex v1.11.1
   Compiling toml v0.5.11
   Compiling cargo-binutils v0.3.6
    Finished `release` profile [optimized] target(s) in 32.77s
   Replacing /home/trapapa/.cargo/bin/cargo-cov
   Replacing /home/trapapa/.cargo/bin/cargo-nm
   Replacing /home/trapapa/.cargo/bin/cargo-objcopy
   Replacing /home/trapapa/.cargo/bin/cargo-objdump
   Replacing /home/trapapa/.cargo/bin/cargo-profdata
   Replacing /home/trapapa/.cargo/bin/cargo-readobj
   Replacing /home/trapapa/.cargo/bin/cargo-size
   Replacing /home/trapapa/.cargo/bin/cargo-strip
   Replacing /home/trapapa/.cargo/bin/rust-ar
   Replacing /home/trapapa/.cargo/bin/rust-cov
   Replacing /home/trapapa/.cargo/bin/rust-ld
   Replacing /home/trapapa/.cargo/bin/rust-lld
   Replacing /home/trapapa/.cargo/bin/rust-nm
   Replacing /home/trapapa/.cargo/bin/rust-objcopy
   Replacing /home/trapapa/.cargo/bin/rust-objdump
   Replacing /home/trapapa/.cargo/bin/rust-profdata
   Replacing /home/trapapa/.cargo/bin/rust-readobj
   Replacing /home/trapapa/.cargo/bin/rust-size
   Replacing /home/trapapa/.cargo/bin/rust-strip
    Replaced package `cargo-binutils v0.3.6` with `cargo-binutils v0.3.6` (executables `cargo-cov`, `cargo-nm`, `cargo-objcopy`, `cargo-objdump`, `cargo-profdata`, `cargo-readobj`, `cargo-size`, `cargo-strip`, `rust-ar`, `rust-cov`, `rust-ld`, `rust-lld`, `rust-nm`, `rust-objcopy`, `rust-objdump`, `rust-profdata`, `rust-readobj`, `rust-size`, `rust-strip`)
+ code --install-extension ryanluker.vscode-coverage-gutters
Installing extensions...
Extension 'ryanluker.vscode-coverage-gutters' v2.13.0 is already installed. Use '--force' option to update to latest version or provide '@<version>' to install a specific version, for example: 'ryanluker.vscode-coverage-gutters@1.2.3'.
+ code --install-extension rust-lang.rust-analyzer
Installing extensions...
Extension 'rust-lang.rust-analyzer' v0.3.2490 is already installed. Use '--force' option to update to latest version or provide '@<version>' to install a specific version, for example: 'rust-lang.rust-analyzer@1.2.3'.
+ setup_project
+ '[' -d /home/trapapa/uppercase-converter ']'
+ read -p 'Project exists. Remove? (y/N) ' -n 1 -r
Project exists. Remove? (y/N) + echo

+ [[ y =~ ^[Yy]$ ]]
+ rm -rf /home/trapapa/uppercase-converter
+ cargo new /home/trapapa/uppercase-converter --lib
    Creating library `uppercase-converter` package
note: see more `Cargo.toml` keys and their definitions at https://doc.rust-lang.org/cargo/reference/manifest.html
+ cd /home/trapapa/uppercase-converter
+ cargo add clap --features derive
    Updating crates.io index
      Adding clap v4.5.40 to dependencies
             Features:
             + color
             + derive
             + error-context
             + help
             + std
             + suggestions
             + usage
             - cargo
             - debug
             - deprecated
             - env
             - string
             - unicode
             - unstable-derive-ui-tests
             - unstable-doc
             - unstable-ext
             - unstable-markdown
             - unstable-styles
             - unstable-v5
             - wrap_help
    Updating crates.io index
     Locking 29 packages to latest Rust 1.87.0 compatible versions
+ cargo add thiserror
    Updating crates.io index
      Adding thiserror v2.0.12 to dependencies
             Features:
             + std
    Updating crates.io index
     Locking 2 packages to latest Rust 1.87.0 compatible versions
      Adding thiserror v2.0.12
      Adding thiserror-impl v2.0.12
+ cargo add anyhow
    Updating crates.io index
      Adding anyhow v1.0.98 to dependencies
             Features:
             + std
             - backtrace
    Updating crates.io index
     Locking 1 package to latest Rust 1.87.0 compatible version
      Adding anyhow v1.0.98
+ cargo add --dev assert_cmd
    Updating crates.io index
      Adding assert_cmd v2.0.17 to dev-dependencies
             Features:
             - color
             - color-auto
    Updating crates.io index
     Locking 14 packages to latest Rust 1.87.0 compatible versions
      Adding assert_cmd v2.0.17
      Adding bstr v1.12.0
      Adding difflib v0.4.0
      Adding doc-comment v0.3.3
      Adding libc v0.2.172
      Adding memchr v2.7.4
      Adding predicates v3.1.3
      Adding predicates-core v1.0.9
      Adding predicates-tree v1.0.12
      Adding regex-automata v0.4.9
      Adding serde v1.0.219
      Adding serde_derive v1.0.219
      Adding termtree v0.5.1
      Adding wait-timeout v0.2.1
+ cargo add --dev predicates
    Updating crates.io index
      Adding predicates v3.1.3 to dev-dependencies
             Features:
             + color
             + diff
             + float-cmp
             + normalize-line-endings
             + regex
             - unstable
     Locking 7 packages to latest Rust 1.87.0 compatible versions
      Adding aho-corasick v1.1.3
      Adding autocfg v1.4.0
      Adding float-cmp v0.10.0
      Adding normalize-line-endings v0.3.0
      Adding num-traits v0.2.19
      Adding regex v1.11.1
      Adding regex-syntax v0.8.5
+ mkdir -p src/bin src/tests
+ create_source_files
+ cat
+ cat
+ cat
+ configure_project
+ mkdir -p .vscode
+ cat
+ cat
+ git init
Reinitialized existing Git repository in /home/trapapa/uppercase-converter/.git/
+ echo target/
+ git add .
+ git commit -m 'Initial commit'
[master (root-commit) d046ebc] Initial commit
 7 files changed, 565 insertions(+)
 create mode 100644 .gitignore
 create mode 100644 .vscode/settings.json
 create mode 100644 Cargo.lock
 create mode 100644 Cargo.toml
 create mode 100644 src/bin/main.rs
 create mode 100644 src/error.rs
 create mode 100644 src/lib.rs
+ cargo fmt
+ cargo clippy
   Compiling proc-macro2 v1.0.95
   Compiling unicode-ident v1.0.18
    Checking utf8parse v0.2.2
    Checking anstyle-query v1.1.3
    Checking is_terminal_polyfill v1.70.1
    Checking anstyle-parse v0.2.7
    Checking anstyle v1.0.11
    Checking colorchoice v1.0.4
   Compiling anyhow v1.0.98
    Checking clap_lex v0.7.5
    Checking anstream v0.6.19
   Compiling thiserror v2.0.12
   Compiling heck v0.5.0
    Checking strsim v0.11.1
    Checking clap_builder v4.5.40
   Compiling quote v1.0.40
   Compiling syn v2.0.102
   Compiling thiserror-impl v2.0.12
   Compiling clap_derive v4.5.40
    Checking clap v4.5.40
    Checking uppercase-converter v0.1.0 (/home/trapapa/uppercase-converter)
warning: you should consider adding a `Default` implementation for `Converter`
  --> src/lib.rs:9:5
   |
9  | /     pub fn new() -> Self {
10 | |         Self
11 | |     }
   | |_____^
   |
   = help: for further information visit https://rust-lang.github.io/rust-clippy/master/index.html#new_without_default
   = note: `#[warn(clippy::new_without_default)]` on by default
help: try adding this
   |
8  + impl Default for Converter {
9  +     fn default() -> Self {
10 +         Self::new()
11 +     }
12 + }
   |

warning: `uppercase-converter` (lib) generated 1 warning (run `cargo clippy --fix --lib -p uppercase-converter` to apply 1 suggestion)
    Finished `dev` profile [unoptimized + debuginfo] target(s) in 6.54s
+ cargo test
   Compiling anstyle v1.0.11
   Compiling memchr v2.7.4
   Compiling autocfg v1.4.0
   Compiling regex-syntax v0.8.5
   Compiling utf8parse v0.2.2
   Compiling anstyle-parse v0.2.7
   Compiling num-traits v0.2.19
   Compiling aho-corasick v1.1.3
   Compiling anstyle-query v1.1.3
   Compiling is_terminal_polyfill v1.70.1
   Compiling libc v0.2.172
   Compiling colorchoice v1.0.4
   Compiling anstream v0.6.19
   Compiling strsim v0.11.1
   Compiling regex-automata v0.4.9
   Compiling doc-comment v0.3.3
   Compiling predicates-core v1.0.9
   Compiling clap_lex v0.7.5
   Compiling clap_builder v4.5.40
   Compiling float-cmp v0.10.0
   Compiling normalize-line-endings v0.3.0
   Compiling assert_cmd v2.0.17
   Compiling difflib v0.4.0
   Compiling regex v1.11.1
   Compiling termtree v0.5.1
   Compiling predicates-tree v1.0.12
   Compiling predicates v3.1.3
   Compiling clap v4.5.40
   Compiling bstr v1.12.0
   Compiling wait-timeout v0.2.1
   Compiling thiserror v2.0.12
   Compiling anyhow v1.0.98
   Compiling uppercase-converter v0.1.0 (/home/trapapa/uppercase-converter)
    Finished `test` profile [unoptimized + debuginfo] target(s) in 10.17s
     Running unittests src/lib.rs (target/debug/deps/uppercase_converter-e1ff6610803c2a4b)

running 3 tests
test tests::test_convert_to_uppercase ... ok
test tests::test_empty_input ... ok
test tests::test_new ... ok

test result: ok. 3 passed; 0 failed; 0 ignored; 0 measured; 0 filtered out; finished in 0.00s

     Running unittests src/bin/main.rs (target/debug/deps/main-75447740cd72a3d6)

running 0 tests

test result: ok. 0 passed; 0 failed; 0 ignored; 0 measured; 0 filtered out; finished in 0.00s

   Doc-tests uppercase_converter

running 0 tests

test result: ok. 0 passed; 0 failed; 0 ignored; 0 measured; 0 filtered out; finished in 0.00s

+ cargo llvm-cov --html --output-dir target/llvm-cov/html
info: cargo-llvm-cov currently setting cfg(coverage); you can opt-out it by passing --no-cfg-coverage
   Compiling proc-macro2 v1.0.95
   Compiling unicode-ident v1.0.18
   Compiling memchr v2.7.4
   Compiling autocfg v1.4.0
   Compiling anstyle v1.0.11
   Compiling utf8parse v0.2.2
   Compiling regex-syntax v0.8.5
   Compiling num-traits v0.2.19
   Compiling aho-corasick v1.1.3
   Compiling quote v1.0.40
   Compiling syn v2.0.102
   Compiling anstyle-parse v0.2.7
   Compiling is_terminal_polyfill v1.70.1
   Compiling anstyle-query v1.1.3
   Compiling colorchoice v1.0.4
   Compiling libc v0.2.172
   Compiling anstream v0.6.19
   Compiling regex-automata v0.4.9
   Compiling clap_lex v0.7.5
   Compiling predicates-core v1.0.9
   Compiling thiserror v2.0.12
   Compiling anyhow v1.0.98
   Compiling heck v0.5.0
   Compiling strsim v0.11.1
   Compiling doc-comment v0.3.3
   Compiling clap_builder v4.5.40
   Compiling float-cmp v0.10.0
   Compiling termtree v0.5.1
   Compiling regex v1.11.1
   Compiling clap_derive v4.5.40
   Compiling thiserror-impl v2.0.12
   Compiling assert_cmd v2.0.17
   Compiling normalize-line-endings v0.3.0
   Compiling difflib v0.4.0
   Compiling clap v4.5.40
   Compiling predicates-tree v1.0.12
   Compiling predicates v3.1.3
   Compiling bstr v1.12.0
   Compiling wait-timeout v0.2.1
   Compiling uppercase-converter v0.1.0 (/home/trapapa/uppercase-converter)
    Finished `test` profile [unoptimized + debuginfo] target(s) in 11.71s
     Running unittests src/lib.rs (target/llvm-cov-target/debug/deps/uppercase_converter-0b05ee5575717b63)

running 3 tests
test tests::test_convert_to_uppercase ... ok
test tests::test_new ... ok
test tests::test_empty_input ... ok

test result: ok. 3 passed; 0 failed; 0 ignored; 0 measured; 0 filtered out; finished in 0.00s

     Running unittests src/bin/main.rs (target/llvm-cov-target/debug/deps/main-a07b477fbb9b71b6)

running 0 tests

test result: ok. 0 passed; 0 failed; 0 ignored; 0 measured; 0 filtered out; finished in 0.00s


    Finished report saved to target/llvm-cov/html/html
+ cargo llvm-cov --lcov --output-path target/llvm-cov/lcov.info
info: cargo-llvm-cov currently setting cfg(coverage); you can opt-out it by passing --no-cfg-coverage
   Compiling uppercase-converter v0.1.0 (/home/trapapa/uppercase-converter)
    Finished `test` profile [unoptimized + debuginfo] target(s) in 0.30s
     Running unittests src/lib.rs (target/llvm-cov-target/debug/deps/uppercase_converter-0b05ee5575717b63)

running 3 tests
test tests::test_empty_input ... ok
test tests::test_new ... ok
test tests::test_convert_to_uppercase ... ok

test result: ok. 3 passed; 0 failed; 0 ignored; 0 measured; 0 filtered out; finished in 0.00s

     Running unittests src/bin/main.rs (target/llvm-cov-target/debug/deps/main-a07b477fbb9b71b6)

running 0 tests

test result: ok. 0 passed; 0 failed; 0 ignored; 0 measured; 0 filtered out; finished in 0.00s


    Finished report saved to target/llvm-cov/lcov.info
+ generate_profiling
+ export 'RUSTFLAGS=-C instrument-coverage -C link-dead-code'
+ RUSTFLAGS='-C instrument-coverage -C link-dead-code'
+ rm -rf target/debug/profiling
+ mkdir -p target/debug/profiling
+ LLVM_PROFILE_FILE=target/debug/profiling/coverage-%p-%m.profraw
+ cargo test
   Compiling proc-macro2 v1.0.95
   Compiling unicode-ident v1.0.18
   Compiling anstyle v1.0.11
   Compiling autocfg v1.4.0
   Compiling memchr v2.7.4
   Compiling regex-syntax v0.8.5
   Compiling num-traits v0.2.19
   Compiling utf8parse v0.2.2
   Compiling anstyle-parse v0.2.7
   Compiling aho-corasick v1.1.3
   Compiling quote v1.0.40
   Compiling syn v2.0.102
   Compiling libc v0.2.172
   Compiling colorchoice v1.0.4
   Compiling is_terminal_polyfill v1.70.1
   Compiling anstyle-query v1.1.3
   Compiling anstream v0.6.19
   Compiling regex-automata v0.4.9
   Compiling thiserror v2.0.12
   Compiling clap_lex v0.7.5
   Compiling heck v0.5.0
   Compiling strsim v0.11.1
   Compiling predicates-core v1.0.9
   Compiling doc-comment v0.3.3
   Compiling anyhow v1.0.98
   Compiling regex v1.11.1
   Compiling clap_builder v4.5.40
   Compiling thiserror-impl v2.0.12
   Compiling clap_derive v4.5.40
   Compiling float-cmp v0.10.0
   Compiling termtree v0.5.1
   Compiling assert_cmd v2.0.17
   Compiling difflib v0.4.0
   Compiling normalize-line-endings v0.3.0
   Compiling predicates-tree v1.0.12
   Compiling clap v4.5.40
   Compiling wait-timeout v0.2.1
   Compiling predicates v3.1.3
   Compiling bstr v1.12.0
   Compiling uppercase-converter v0.1.0 (/home/trapapa/uppercase-converter)
    Finished `test` profile [unoptimized + debuginfo] target(s) in 14.07s
     Running unittests src/lib.rs (target/debug/deps/uppercase_converter-e14b6557ef8d37d0)

running 3 tests
test tests::test_new ... ok
test tests::test_convert_to_uppercase ... ok
test tests::test_empty_input ... ok

test result: ok. 3 passed; 0 failed; 0 ignored; 0 measured; 0 filtered out; finished in 0.00s

     Running unittests src/bin/main.rs (target/debug/deps/main-a45bb97ae5929064)

running 0 tests

test result: ok. 0 passed; 0 failed; 0 ignored; 0 measured; 0 filtered out; finished in 0.00s

   Doc-tests uppercase_converter

running 0 tests

test result: ok. 0 passed; 0 failed; 0 ignored; 0 measured; 0 filtered out; finished in 0.00s

+ llvm-profdata merge -sparse target/debug/profiling/coverage-56847-16038838842677670077_0.profraw target/debug/profiling/coverage-56886-16038838842677670077_0.profraw target/debug/profiling/coverage-56887-16038838842677670077_0.profraw target/debug/profiling/coverage-56887-18024796664776238826_0.profraw target/debug/profiling/coverage-56966-11138397153148664765_0.profraw target/debug/profiling/coverage-56970-5868208573136493995_0.profraw target/debug/profiling/coverage-56971-16038838842677670077_0.profraw -o target/debug/profiling/merged.profdata
warning: target/debug/profiling/coverage-56847-16038838842677670077_0.profraw: unsupported instrumentation profile format version
warning: target/debug/profiling/coverage-56966-11138397153148664765_0.profraw: unsupported instrumentation profile format version
warning: target/debug/profiling/coverage-56887-16038838842677670077_0.profraw: unsupported instrumentation profile format version
warning: target/debug/profiling/coverage-56971-16038838842677670077_0.profraw: unsupported instrumentation profile format version
warning: target/debug/profiling/coverage-56886-16038838842677670077_0.profraw: unsupported instrumentation profile format version
warning: target/debug/profiling/coverage-56970-5868208573136493995_0.profraw: unsupported instrumentation profile format version
warning: target/debug/profiling/coverage-56887-18024796664776238826_0.profraw: unsupported instrumentation profile format version
error: no profile can be merged
+ llvm-cov show --format=html --ignore-filename-regex=/.cargo/registry --instr-profile=target/debug/profiling/merged.profdata --object target/debug/deps/uppercase_converter-5d004c5dcb010970.d target/debug/deps/uppercase_converter-a6a1168766b7d18e.d target/debug/deps/uppercase_converter-b6330906420357da.d target/debug/deps/uppercase_converter-e14b6557ef8d37d0 target/debug/deps/uppercase_converter-e14b6557ef8d37d0.d target/debug/deps/uppercase_converter-e1ff6610803c2a4b target/debug/deps/uppercase_converter-e1ff6610803c2a4b.d --output-dir=target/debug/profiling/html
[0;31merror: No such file or directory: Could not read profile data!
[0m+ llvm-cov report --use-color --ignore-filename-regex=/.cargo/registry --instr-profile=target/debug/profiling/merged.profdata --object target/debug/deps/uppercase_converter-5d004c5dcb010970.d target/debug/deps/uppercase_converter-a6a1168766b7d18e.d target/debug/deps/uppercase_converter-b6330906420357da.d target/debug/deps/uppercase_converter-e14b6557ef8d37d0 target/debug/deps/uppercase_converter-e14b6557ef8d37d0.d target/debug/deps/uppercase_converter-e1ff6610803c2a4b target/debug/deps/uppercase_converter-e1ff6610803c2a4b.d
[0;31merror: target/debug/deps/uppercase_converter-a6a1168766b7d18e.d, target/debug/deps/uppercase_converter-5d004c5dcb010970.d: Failed to load coverage: No such file or directory
[0m+ echo -e '\033[0;32mProject setup complete!\033[0m'
[0;32mProject setup complete![0m
+ echo 'Project location: /home/trapapa/uppercase-converter'
Project location: /home/trapapa/uppercase-converter
+ echo 'Coverage report: /home/trapapa/uppercase-converter/target/llvm-cov/html/index.html'
Coverage report: /home/trapapa/uppercase-converter/target/llvm-cov/html/index.html
+ echo 'Profiling report: /home/trapapa/uppercase-converter/target/debug/profiling/html/index.html'
Profiling report: /home/trapapa/uppercase-converter/target/debug/profiling/html/index.html
+ echo 'Log file: logs/project_setup_20250611_093212.log'
Log file: logs/project_setup_20250611_093212.log
